Fitter report for MAXV_FULL
Thu Sep 13 13:39:33 2018
Quartus Prime Version 16.1.2 Build 203 01/18/2017 SJ Standard Edition


---------------------
; Table of Contents ;
---------------------
  1. Legal Notice
  2. Fitter Summary
  3. Fitter Settings
  4. Parallel Compilation
  5. Ignored Assignments
  6. Pin-Out File
  7. Fitter Resource Usage Summary
  8. Input Pins
  9. Output Pins
 10. Bidir Pins
 11. I/O Bank Usage
 12. All Package Pins
 13. Output Pin Default Load For Reported TCO
 14. Fitter Resource Utilization by Entity
 15. Delay Chain Summary
 16. Control Signals
 17. Global & Other Fast Signals
 18. Routing Usage Summary
 19. LAB Logic Elements
 20. LAB-wide Signals
 21. LAB Signals Sourced
 22. LAB Signals Sourced Out
 23. LAB Distinct Inputs
 24. Fitter Device Options
 25. Estimated Delay Added for Hold Timing Summary
 26. Estimated Delay Added for Hold Timing Details
 27. Fitter Messages
 28. Fitter Suppressed Messages



----------------
; Legal Notice ;
----------------
Copyright (C) 2017  Intel Corporation. All rights reserved.
Your use of Intel Corporation's design tools, logic functions 
and other software and tools, and its AMPP partner logic 
functions, and any output files from any of the foregoing 
(including device programming or simulation files), and any 
associated documentation or information are expressly subject 
to the terms and conditions of the Intel Program License 
Subscription Agreement, the Intel Quartus Prime License Agreement,
the Intel MegaCore Function License Agreement, or other 
applicable license agreement, including, without limitation, 
that your use is for the sole purpose of programming logic 
devices manufactured by Intel and sold by Intel or its 
authorized distributors.  Please refer to the applicable 
agreement for further details.



+-------------------------------------------------------------------------+
; Fitter Summary                                                          ;
+-----------------------+-------------------------------------------------+
; Fitter Status         ; Successful - Thu Sep 13 13:39:33 2018           ;
; Quartus Prime Version ; 16.1.2 Build 203 01/18/2017 SJ Standard Edition ;
; Revision Name         ; MAXV_FULL                                       ;
; Top-level Entity Name ; MAXV_FULL                                       ;
; Family                ; MAX V                                           ;
; Device                ; 5M240ZT100I5                                    ;
; Timing Models         ; Final                                           ;
; Total logic elements  ; 240 / 240 ( 100 % )                             ;
; Total pins            ; 33 / 79 ( 42 % )                                ;
; Total virtual pins    ; 0                                               ;
; UFM blocks            ; 1 / 1 ( 100 % )                                 ;
+-----------------------+-------------------------------------------------+


+----------------------------------------------------------------------------------------------------------------------------------------------+
; Fitter Settings                                                                                                                              ;
+----------------------------------------------------------------------------+--------------------------------+--------------------------------+
; Option                                                                     ; Setting                        ; Default Value                  ;
+----------------------------------------------------------------------------+--------------------------------+--------------------------------+
; Device                                                                     ; 5M240ZT100I5                   ;                                ;
; Maximum processors allowed for parallel compilation                        ; All                            ;                                ;
; Minimum Core Junction Temperature                                          ; -40                            ;                                ;
; Maximum Core Junction Temperature                                          ; 125                            ;                                ;
; Router Effort Multiplier                                                   ; 4.0                            ; 1.0                            ;
; Fit Attempts to Skip                                                       ; 0                              ; 0.0                            ;
; Device I/O Standard                                                        ; 3.3-V LVTTL                    ;                                ;
; Weak Pull-Up Resistor                                                      ; On                             ; Off                            ;
; Physical Synthesis Effort Level                                            ; Extra                          ; Normal                         ;
; Auto Register Duplication                                                  ; Off                            ; Auto                           ;
; Use smart compilation                                                      ; Off                            ; Off                            ;
; Enable parallel Assembler and TimeQuest Timing Analyzer during compilation ; On                             ; On                             ;
; Enable compact report table                                                ; Off                            ; Off                            ;
; Router Timing Optimization Level                                           ; Normal                         ; Normal                         ;
; Placement Effort Multiplier                                                ; 1.0                            ; 1.0                            ;
; Always Enable Input Buffers                                                ; Off                            ; Off                            ;
; Optimize Hold Timing                                                       ; IO Paths and Minimum TPD Paths ; IO Paths and Minimum TPD Paths ;
; Optimize Multi-Corner Timing                                               ; Off                            ; Off                            ;
; Guarantee I/O Paths Have Zero Hold Time at Fast Corner                     ; On                             ; On                             ;
; PowerPlay Power Optimization During Fitting                                ; Normal compilation             ; Normal compilation             ;
; Optimize Timing                                                            ; Normal compilation             ; Normal compilation             ;
; Optimize Timing for ECOs                                                   ; Off                            ; Off                            ;
; Regenerate Full Fit Report During ECO Compiles                             ; Off                            ; Off                            ;
; Optimize IOC Register Placement for Timing                                 ; Normal                         ; Normal                         ;
; Limit to One Fitting Attempt                                               ; Off                            ; Off                            ;
; Final Placement Optimizations                                              ; Automatically                  ; Automatically                  ;
; Fitter Aggressive Routability Optimizations                                ; Automatically                  ; Automatically                  ;
; Fitter Initial Placement Seed                                              ; 1                              ; 1                              ;
; Periphery to Core Placement and Routing Optimization                       ; Off                            ; Off                            ;
; Slow Slew Rate                                                             ; Off                            ; Off                            ;
; PCI I/O                                                                    ; Off                            ; Off                            ;
; Enable Bus-Hold Circuitry                                                  ; Off                            ; Off                            ;
; Auto Delay Chains                                                          ; On                             ; On                             ;
; Auto Delay Chains for High Fanout Input Pins                               ; Off                            ; Off                            ;
; Perform Physical Synthesis for Combinational Logic for Performance         ; Off                            ; Off                            ;
; Perform Register Duplication for Performance                               ; Off                            ; Off                            ;
; Perform Register Retiming for Performance                                  ; Off                            ; Off                            ;
; Perform Asynchronous Signal Pipelining                                     ; Off                            ; Off                            ;
; Fitter Effort                                                              ; Auto Fit                       ; Auto Fit                       ;
; Logic Cell Insertion - Logic Duplication                                   ; Auto                           ; Auto                           ;
; Auto Global Clock                                                          ; On                             ; On                             ;
; Auto Global Register Control Signals                                       ; On                             ; On                             ;
; Force Fitter to Avoid Periphery Placement Warnings                         ; Off                            ; Off                            ;
+----------------------------------------------------------------------------+--------------------------------+--------------------------------+


+------------------------------------------+
; Parallel Compilation                     ;
+----------------------------+-------------+
; Processors                 ; Number      ;
+----------------------------+-------------+
; Number detected on machine ; 4           ;
; Maximum allowed            ; 4           ;
;                            ;             ;
; Average used               ; 1.02        ;
; Maximum used               ; 4           ;
;                            ;             ;
; Usage by Processor         ; % Time Used ;
;     Processor 1            ; 100.0%      ;
;     Processor 2            ;   0.9%      ;
;     Processors 3-4         ;   0.7%      ;
+----------------------------+-------------+


+--------------------------------------------------------------------------------------------+
; Ignored Assignments                                                                        ;
+--------------+----------------+--------------+------------+---------------+----------------+
; Name         ; Ignored Entity ; Ignored From ; Ignored To ; Ignored Value ; Ignored Source ;
+--------------+----------------+--------------+------------+---------------+----------------+
; Location     ;                ;              ; M_RX       ; PIN_16        ; QSF Assignment ;
; Location     ;                ;              ; M_TX       ; PIN_17        ; QSF Assignment ;
; I/O Standard ; MAXV_FULL      ;              ; M_RX       ; 1.8 V         ; QSF Assignment ;
; I/O Standard ; MAXV_FULL      ;              ; M_TX       ; 1.8 V         ; QSF Assignment ;
+--------------+----------------+--------------+------------+---------------+----------------+


+--------------+
; Pin-Out File ;
+--------------+
The pin-out file can be found in /home/nick/Quartus/BOUY_v56DM_I2C_lake/output_files/MAXV_FULL.pin.


+---------------------------------------------------------------------+
; Fitter Resource Usage Summary                                       ;
+---------------------------------------------+-----------------------+
; Resource                                    ; Usage                 ;
+---------------------------------------------+-----------------------+
; Total logic elements                        ; 240 / 240 ( 100 % )   ;
;     -- Combinational with no register       ; 88                    ;
;     -- Register only                        ; 9                     ;
;     -- Combinational with a register        ; 143                   ;
;                                             ;                       ;
; Logic element usage by number of LUT inputs ;                       ;
;     -- 4 input functions                    ; 89                    ;
;     -- 3 input functions                    ; 56                    ;
;     -- 2 input functions                    ; 74                    ;
;     -- 1 input functions                    ; 11                    ;
;     -- 0 input functions                    ; 1                     ;
;                                             ;                       ;
; Logic elements by mode                      ;                       ;
;     -- normal mode                          ; 185                   ;
;     -- arithmetic mode                      ; 55                    ;
;     -- qfbk mode                            ; 33                    ;
;     -- register cascade mode                ; 0                     ;
;     -- synchronous clear/load mode          ; 61                    ;
;     -- asynchronous clear/load mode         ; 14                    ;
;                                             ;                       ;
; Total registers                             ; 152 / 240 ( 63 % )    ;
; Total LABs                                  ; 24 / 24 ( 100 % )     ;
; Logic elements in carry chains              ; 65                    ;
; Virtual pins                                ; 0                     ;
; I/O pins                                    ; 33 / 79 ( 42 % )      ;
;     -- Clock pins                           ; 0 / 4 ( 0 % )         ;
;                                             ;                       ;
; UFM blocks                                  ; 1 / 1 ( 100 % )       ;
;                                             ;                       ;
;     -- Total Fixed Point DSP Blocks         ; 0                     ;
;     -- Total Floating Point DSP Blocks      ; 0                     ;
;                                             ;                       ;
; Global signals                              ; 3                     ;
;     -- Global clocks                        ; 3 / 4 ( 75 % )        ;
; JTAGs                                       ; 0 / 1 ( 0 % )         ;
; Average interconnect usage (total/H/V)      ; 26.3% / 32.2% / 20.2% ;
; Peak interconnect usage (total/H/V)         ; 26.3% / 32.2% / 20.2% ;
; Maximum fan-out                             ; 166                   ;
; Highest non-global fan-out                  ; 30                    ;
; Total fan-out                               ; 1009                  ;
; Average fan-out                             ; 3.68                  ;
+---------------------------------------------+-----------------------+


+---------------------------------------------------------------------------------------------------------------------------------------------------------------------------------------------------------------------------------------+
; Input Pins                                                                                                                                                                                                                            ;
+---------------+-------+----------+--------------+--------------+-------------+-----------------------+--------------------+--------+-----------------+----------+--------------+--------------+----------------------+----------------+
; Name          ; Pin # ; I/O Bank ; X coordinate ; Y coordinate ; Cell number ; Combinational Fan-Out ; Registered Fan-Out ; Global ; PCI I/O Enabled ; Bus Hold ; Weak Pull Up ; I/O Standard ; Location assigned by ; Slow Slew Rate ;
+---------------+-------+----------+--------------+--------------+-------------+-----------------------+--------------------+--------+-----------------+----------+--------------+--------------+----------------------+----------------+
; A_CS          ; 58    ; 2        ; 8            ; 2            ; 2           ; 1                     ; 0                  ; no     ; no              ; no       ; On           ; 1.8 V        ; User                 ; no             ;
; A_MOSI        ; 57    ; 2        ; 8            ; 2            ; 3           ; 1                     ; 0                  ; no     ; no              ; no       ; On           ; 1.8 V        ; User                 ; no             ;
; A_SCLK        ; 67    ; 2        ; 8            ; 3            ; 2           ; 1                     ; 0                  ; no     ; no              ; no       ; On           ; 1.8 V        ; User                 ; no             ;
; BT_TX         ; 33    ; 1        ; 3            ; 0            ; 2           ; 0                     ; 0                  ; no     ; no              ; no       ; On           ; 3.3-V LVCMOS ; User                 ; no             ;
; G_SCL         ; 69    ; 2        ; 8            ; 3            ; 0           ; 1                     ; 0                  ; no     ; no              ; no       ; On           ; 1.8 V        ; User                 ; no             ;
; G_Telit_RX    ; 53    ; 2        ; 8            ; 1            ; 3           ; 0                     ; 0                  ; no     ; no              ; no       ; On           ; 1.8 V        ; User                 ; no             ;
; L_MISO        ; 6     ; 1        ; 1            ; 3            ; 0           ; 1                     ; 0                  ; no     ; no              ; no       ; On           ; 3.3-V LVCMOS ; User                 ; no             ;
; PWR_SW        ; 51    ; 1        ; 7            ; 0            ; 0           ; 0                     ; 0                  ; no     ; no              ; no       ; On           ; 3.3-V LVTTL  ; User                 ; no             ;
; SCL_DS        ; 54    ; 2        ; 8            ; 1            ; 2           ; 2                     ; 0                  ; no     ; no              ; no       ; On           ; 1.8 V        ; User                 ; no             ;
; SCL_TEL       ; 70    ; 2        ; 8            ; 4            ; 4           ; 1                     ; 0                  ; no     ; no              ; no       ; On           ; 1.8 V        ; User                 ; no             ;
; UART_Telit_TX ; 66    ; 2        ; 8            ; 3            ; 3           ; 0                     ; 0                  ; no     ; no              ; no       ; On           ; 1.8 V        ; User                 ; no             ;
+---------------+-------+----------+--------------+--------------+-------------+-----------------------+--------------------+--------+-----------------+----------+--------------+--------------+----------------------+----------------+


+---------------------------------------------------------------------------------------------------------------------------------------------------------------------------------------------------------------------------------------------------------------------------------------------------------------------------------+
; Output Pins                                                                                                                                                                                                                                                                                                                     ;
+---------------+-------+----------+--------------+--------------+-------------+-----------------+----------------+-----------------+------------+---------------+----------+--------------+--------------+------------------+------------------------+----------------------+-------+----------------------+---------------------+
; Name          ; Pin # ; I/O Bank ; X coordinate ; Y coordinate ; Cell number ; Output Register ; Slow Slew Rate ; PCI I/O Enabled ; Open Drain ; TRI Primitive ; Bus Hold ; Weak Pull Up ; I/O Standard ; Current Strength ; Fast Output Connection ; Location assigned by ; Load  ; Output Enable Source ; Output Enable Group ;
+---------------+-------+----------+--------------+--------------+-------------+-----------------+----------------+-----------------+------------+---------------+----------+--------------+--------------+------------------+------------------------+----------------------+-------+----------------------+---------------------+
; A_MISO        ; 68    ; 2        ; 8            ; 3            ; 1           ; no              ; no             ; no              ; no         ; no            ; no       ; On           ; 1.8 V        ; 6mA              ; no                     ; User                 ; 10 pF ; -                    ; -                   ;
; BT_BDOOR      ; 40    ; 1        ; 5            ; 0            ; 2           ; no              ; no             ; no              ; no         ; no            ; no       ; On           ; 3.3-V LVTTL  ; 16mA             ; no                     ; User                 ; 10 pF ; -                    ; -                   ;
; BT_RST        ; 41    ; 1        ; 5            ; 0            ; 1           ; no              ; no             ; no              ; no         ; no            ; no       ; On           ; 3.3-V LVTTL  ; 16mA             ; no                     ; User                 ; 10 pF ; -                    ; -                   ;
; BT_RX         ; 34    ; 1        ; 3            ; 0            ; 1           ; no              ; no             ; no              ; no         ; no            ; no       ; On           ; 3.3-V LVCMOS ; 8mA              ; no                     ; User                 ; 10 pF ; -                    ; -                   ;
; GAUGE_SCL     ; 2     ; 1        ; 1            ; 4            ; 0           ; no              ; no             ; no              ; no         ; no            ; no       ; On           ; 3.3-V LVTTL  ; 16mA             ; no                     ; User                 ; 10 pF ; -                    ; -                   ;
; G_Telit_TX    ; 52    ; 2        ; 8            ; 1            ; 4           ; no              ; no             ; no              ; no         ; no            ; no       ; On           ; 1.8 V        ; 6mA              ; no                     ; User                 ; 10 pF ; -                    ; -                   ;
; LED1          ; 49    ; 1        ; 7            ; 0            ; 2           ; no              ; no             ; no              ; no         ; no            ; no       ; On           ; 3.3-V LVCMOS ; 8mA              ; no                     ; User                 ; 10 pF ; -                    ; -                   ;
; LED2          ; 50    ; 1        ; 7            ; 0            ; 1           ; no              ; no             ; no              ; no         ; no            ; no       ; On           ; 3.3-V LVCMOS ; 8mA              ; no                     ; User                 ; 10 pF ; -                    ; -                   ;
; L_CS          ; 7     ; 1        ; 1            ; 3            ; 1           ; no              ; no             ; no              ; no         ; no            ; no       ; On           ; 3.3-V LVCMOS ; 8mA              ; no                     ; User                 ; 10 pF ; -                    ; -                   ;
; L_MOSI        ; 5     ; 1        ; 1            ; 4            ; 3           ; no              ; no             ; no              ; no         ; no            ; no       ; On           ; 3.3-V LVCMOS ; 8mA              ; no                     ; User                 ; 10 pF ; -                    ; -                   ;
; L_SCLK        ; 4     ; 1        ; 1            ; 4            ; 2           ; no              ; no             ; no              ; no         ; no            ; no       ; On           ; 3.3-V LVCMOS ; 8mA              ; no                     ; User                 ; 10 pF ; -                    ; -                   ;
; SCL_MAX       ; 38    ; 1        ; 4            ; 0            ; 0           ; no              ; no             ; no              ; no         ; no            ; no       ; On           ; 3.3-V LVCMOS ; 8mA              ; no                     ; User                 ; 10 pF ; -                    ; -                   ;
; SIM_SEL       ; 76    ; 2        ; 7            ; 5            ; 1           ; no              ; no             ; no              ; no         ; no            ; no       ; On           ; 1.8 V        ; 6mA              ; no                     ; User                 ; 10 pF ; -                    ; -                   ;
; UART_Modem_RX ; 28    ; 1        ; 2            ; 0            ; 1           ; no              ; no             ; no              ; no         ; no            ; no       ; On           ; 3.3-V LVTTL  ; 16mA             ; no                     ; User                 ; 10 pF ; -                    ; -                   ;
; UART_Modem_TX ; 27    ; 1        ; 2            ; 0            ; 2           ; no              ; no             ; no              ; no         ; no            ; no       ; On           ; 3.3-V LVTTL  ; 16mA             ; no                     ; User                 ; 10 pF ; -                    ; -                   ;
; UART_Reset    ; 26    ; 1        ; 2            ; 0            ; 3           ; no              ; no             ; no              ; no         ; no            ; no       ; On           ; 3.3-V LVTTL  ; 16mA             ; no                     ; User                 ; 10 pF ; -                    ; -                   ;
; UART_Telit_RX ; 61    ; 2        ; 8            ; 2            ; 1           ; no              ; no             ; no              ; no         ; no            ; no       ; On           ; 1.8 V        ; 6mA              ; no                     ; User                 ; 10 pF ; -                    ; -                   ;
+---------------+-------+----------+--------------+--------------+-------------+-----------------+----------------+-----------------+------------+---------------+----------+--------------+--------------+------------------+------------------------+----------------------+-------+----------------------+---------------------+


+-------------------------------------------------------------------------------------------------------------------------------------------------------------------------------------------------------------------------------------------------------------------------------------------------------------------------------------------------------------------------------------+
; Bidir Pins                                                                                                                                                                                                                                                                                                                                                                          ;
+-----------+-------+----------+--------------+--------------+-------------+-----------------------+--------------------+--------+-----------------+----------------+-----------------+------------+----------+--------------+--------------+------------------+------------------------+----------------------+-------+----------------------------------------+---------------------+
; Name      ; Pin # ; I/O Bank ; X coordinate ; Y coordinate ; Cell number ; Combinational Fan-Out ; Registered Fan-Out ; Global ; Output Register ; Slow Slew Rate ; PCI I/O Enabled ; Open Drain ; Bus Hold ; Weak Pull Up ; I/O Standard ; Current Strength ; Fast Output Connection ; Location assigned by ; Load  ; Output Enable Source                   ; Output Enable Group ;
+-----------+-------+----------+--------------+--------------+-------------+-----------------------+--------------------+--------+-----------------+----------------+-----------------+------------+----------+--------------+--------------+------------------+------------------------+----------------------+-------+----------------------------------------+---------------------+
; GAUGE_SDA ; 3     ; 1        ; 1            ; 4            ; 1           ; 1                     ; 0                  ; no     ; no              ; no             ; no              ; yes        ; no       ; On           ; 3.3-V LVTTL  ; 16mA             ; no                     ; User                 ; 10 pF ; I2C_DRIVER2:inst13|comand.max_go       ; -                   ;
; G_SDA     ; 55    ; 2        ; 8            ; 1            ; 1           ; 0                     ; 0                  ; no     ; no              ; no             ; no              ; no         ; no       ; On           ; 1.8 V        ; 6mA              ; no                     ; User                 ; 10 pF ; -                                      ; -                   ;
; SDA_DS    ; 56    ; 2        ; 8            ; 1            ; 0           ; 4                     ; 0                  ; no     ; no              ; no             ; no              ; yes        ; no       ; On           ; 1.8 V        ; 6mA              ; no                     ; User                 ; 10 pF ; I2C_DRIVER2:inst13|comand.tel_go       ; -                   ;
; SDA_MAX   ; 36    ; 1        ; 4            ; 0            ; 2           ; 2                     ; 0                  ; no     ; no              ; no             ; no              ; yes        ; no       ; On           ; 3.3-V LVCMOS ; 8mA              ; no                     ; User                 ; 10 pF ; MAX_MUX_VHDL:inst|MAX_SDA~2 (inverted) ; -                   ;
; SDA_TEL   ; 71    ; 2        ; 8            ; 4            ; 3           ; 3                     ; 0                  ; no     ; no              ; no             ; no              ; yes        ; no       ; On           ; 1.8 V        ; 6mA              ; no                     ; User                 ; 10 pF ; MAX_MUX_VHDL:inst|TEL_SDA~1 (inverted) ; -                   ;
+-----------+-------+----------+--------------+--------------+-------------+-----------------------+--------------------+--------+-----------------+----------------+-----------------+------------+----------+--------------+--------------+------------------+------------------------+----------------------+-------+----------------------------------------+---------------------+


+------------------------------------------------------------+
; I/O Bank Usage                                             ;
+----------+------------------+---------------+--------------+
; I/O Bank ; Usage            ; VCCIO Voltage ; VREF Voltage ;
+----------+------------------+---------------+--------------+
; 1        ; 18 / 38 ( 47 % ) ; 3.3V          ; --           ;
; 2        ; 15 / 41 ( 37 % ) ; 1.8V          ; --           ;
+----------+------------------+---------------+--------------+


+----------------------------------------------------------------------------------------------------------------------------------------------+
; All Package Pins                                                                                                                             ;
+----------+------------+----------+----------------+--------+--------------+---------+------------+-----------------+----------+--------------+
; Location ; Pad Number ; I/O Bank ; Pin Name/Usage ; Dir.   ; I/O Standard ; Voltage ; I/O Type   ; User Assignment ; Bus Hold ; Weak Pull Up ;
+----------+------------+----------+----------------+--------+--------------+---------+------------+-----------------+----------+--------------+
; 1        ;            ;          ; GND            ; gnd    ;              ;         ; --         ;                 ; --       ; --           ;
; 2        ; 0          ; 1        ; GAUGE_SCL      ; output ; 3.3-V LVTTL  ;         ; Row I/O    ; Y               ; no       ; On           ;
; 3        ; 1          ; 1        ; GAUGE_SDA      ; bidir  ; 3.3-V LVTTL  ;         ; Row I/O    ; Y               ; no       ; On           ;
; 4        ; 2          ; 1        ; L_SCLK         ; output ; 3.3-V LVCMOS ;         ; Row I/O    ; Y               ; no       ; On           ;
; 5        ; 3          ; 1        ; L_MOSI         ; output ; 3.3-V LVCMOS ;         ; Row I/O    ; Y               ; no       ; On           ;
; 6        ; 4          ; 1        ; L_MISO         ; input  ; 3.3-V LVCMOS ;         ; Row I/O    ; Y               ; no       ; On           ;
; 7        ; 5          ; 1        ; L_CS           ; output ; 3.3-V LVCMOS ;         ; Row I/O    ; Y               ; no       ; On           ;
; 8        ; 6          ; 1        ; RESERVED_INPUT ;        ;              ;         ; Row I/O    ;                 ; no       ; Off          ;
; 9        ;            ; 1        ; VCCIO1         ; power  ;              ; 3.3V    ; --         ;                 ; --       ; --           ;
; 10       ;            ;          ; GND            ; gnd    ;              ;         ; --         ;                 ; --       ; --           ;
; 11       ;            ;          ; GND            ; gnd    ;              ;         ; --         ;                 ; --       ; --           ;
; 12       ; 7          ; 1        ; RESERVED_INPUT ;        ;              ;         ; Row I/O    ;                 ; no       ; Off          ;
; 13       ;            ;          ; VCCINT         ; power  ;              ; 1.8V    ; --         ;                 ; --       ; --           ;
; 14       ; 8          ; 1        ; RESERVED_INPUT ;        ;              ;         ; Row I/O    ;                 ; no       ; Off          ;
; 15       ; 9          ; 1        ; RESERVED_INPUT ;        ;              ;         ; Row I/O    ;                 ; no       ; Off          ;
; 16       ; 10         ; 1        ; RESERVED_INPUT ;        ;              ;         ; Row I/O    ;                 ; no       ; Off          ;
; 17       ; 11         ; 1        ; RESERVED_INPUT ;        ;              ;         ; Row I/O    ;                 ; no       ; Off          ;
; 18       ; 12         ; 1        ; RESERVED_INPUT ;        ;              ;         ; Row I/O    ;                 ; no       ; Off          ;
; 19       ; 13         ; 1        ; RESERVED_INPUT ;        ;              ;         ; Row I/O    ;                 ; no       ; Off          ;
; 20       ; 14         ; 1        ; RESERVED_INPUT ;        ;              ;         ; Row I/O    ;                 ; no       ; Off          ;
; 21       ; 15         ; 1        ; RESERVED_INPUT ;        ;              ;         ; Row I/O    ;                 ; no       ; Off          ;
; 22       ; 16         ; 1        ; #TMS           ; input  ;              ;         ; --         ;                 ; --       ; --           ;
; 23       ; 17         ; 1        ; #TDI           ; input  ;              ;         ; --         ;                 ; --       ; --           ;
; 24       ; 18         ; 1        ; #TCK           ; input  ;              ;         ; --         ;                 ; --       ; --           ;
; 25       ; 19         ; 1        ; #TDO           ; output ;              ;         ; --         ;                 ; --       ; --           ;
; 26       ; 20         ; 1        ; UART_Reset     ; output ; 3.3-V LVTTL  ;         ; Column I/O ; Y               ; no       ; On           ;
; 27       ; 21         ; 1        ; UART_Modem_TX  ; output ; 3.3-V LVTTL  ;         ; Column I/O ; Y               ; no       ; On           ;
; 28       ; 22         ; 1        ; UART_Modem_RX  ; output ; 3.3-V LVTTL  ;         ; Column I/O ; Y               ; no       ; On           ;
; 29       ; 23         ; 1        ; RESERVED_INPUT ;        ;              ;         ; Column I/O ;                 ; no       ; Off          ;
; 30       ; 24         ; 1        ; RESERVED_INPUT ;        ;              ;         ; Column I/O ;                 ; no       ; Off          ;
; 31       ;            ; 1        ; VCCIO1         ; power  ;              ; 3.3V    ; --         ;                 ; --       ; --           ;
; 32       ;            ;          ; GND            ; gnd    ;              ;         ; --         ;                 ; --       ; --           ;
; 33       ; 25         ; 1        ; BT_TX          ; input  ; 3.3-V LVCMOS ;         ; Column I/O ; Y               ; no       ; On           ;
; 34       ; 26         ; 1        ; BT_RX          ; output ; 3.3-V LVCMOS ;         ; Column I/O ; Y               ; no       ; On           ;
; 35       ; 27         ; 1        ; RESERVED_INPUT ;        ;              ;         ; Column I/O ;                 ; no       ; Off          ;
; 36       ; 28         ; 1        ; SDA_MAX        ; bidir  ; 3.3-V LVCMOS ;         ; Column I/O ; Y               ; no       ; On           ;
; 37       ; 29         ; 1        ; RESERVED_INPUT ;        ;              ;         ; Column I/O ;                 ; no       ; Off          ;
; 38       ; 30         ; 1        ; SCL_MAX        ; output ; 3.3-V LVCMOS ;         ; Column I/O ; Y               ; no       ; On           ;
; 39       ; 31         ; 1        ; RESERVED_INPUT ;        ;              ;         ; Column I/O ;                 ; no       ; Off          ;
; 40       ; 32         ; 1        ; BT_BDOOR       ; output ; 3.3-V LVTTL  ;         ; Column I/O ; Y               ; no       ; On           ;
; 41       ; 33         ; 1        ; BT_RST         ; output ; 3.3-V LVTTL  ;         ; Column I/O ; Y               ; no       ; On           ;
; 42       ; 34         ; 1        ; RESERVED_INPUT ;        ;              ;         ; Column I/O ;                 ; no       ; Off          ;
; 43       ; 35         ; 1        ; RESERVED_INPUT ;        ;              ;         ; Column I/O ;                 ; no       ; Off          ;
; 44       ; 36         ; 1        ; RESERVED_INPUT ;        ;              ;         ; Column I/O ;                 ; no       ; Off          ;
; 45       ;            ; 1        ; VCCIO1         ; power  ;              ; 3.3V    ; --         ;                 ; --       ; --           ;
; 46       ;            ;          ; GND            ; gnd    ;              ;         ; --         ;                 ; --       ; --           ;
; 47       ; 37         ; 1        ; RESERVED_INPUT ;        ;              ;         ; Column I/O ;                 ; no       ; Off          ;
; 48       ; 38         ; 1        ; RESERVED_INPUT ;        ;              ;         ; Column I/O ;                 ; no       ; Off          ;
; 49       ; 39         ; 1        ; LED1           ; output ; 3.3-V LVCMOS ;         ; Column I/O ; Y               ; no       ; On           ;
; 50       ; 40         ; 1        ; LED2           ; output ; 3.3-V LVCMOS ;         ; Column I/O ; Y               ; no       ; On           ;
; 51       ; 41         ; 1        ; PWR_SW         ; input  ; 3.3-V LVTTL  ;         ; Column I/O ; Y               ; no       ; On           ;
; 52       ; 42         ; 2        ; G_Telit_TX     ; output ; 1.8 V        ;         ; Row I/O    ; Y               ; no       ; On           ;
; 53       ; 43         ; 2        ; G_Telit_RX     ; input  ; 1.8 V        ;         ; Row I/O    ; Y               ; no       ; On           ;
; 54       ; 44         ; 2        ; SCL_DS         ; input  ; 1.8 V        ;         ; Row I/O    ; Y               ; no       ; On           ;
; 55       ; 45         ; 2        ; G_SDA          ; bidir  ; 1.8 V        ;         ; Row I/O    ; Y               ; no       ; On           ;
; 56       ; 46         ; 2        ; SDA_DS         ; bidir  ; 1.8 V        ;         ; Row I/O    ; Y               ; no       ; On           ;
; 57       ; 47         ; 2        ; A_MOSI         ; input  ; 1.8 V        ;         ; Row I/O    ; Y               ; no       ; On           ;
; 58       ; 48         ; 2        ; A_CS           ; input  ; 1.8 V        ;         ; Row I/O    ; Y               ; no       ; On           ;
; 59       ;            ; 2        ; VCCIO2         ; power  ;              ; 1.8V    ; --         ;                 ; --       ; --           ;
; 60       ;            ;          ; GND            ; gnd    ;              ;         ; --         ;                 ; --       ; --           ;
; 61       ; 49         ; 2        ; UART_Telit_RX  ; output ; 1.8 V        ;         ; Row I/O    ; Y               ; no       ; On           ;
; 62       ; 50         ; 2        ; RESERVED_INPUT ;        ;              ;         ; Row I/O    ;                 ; no       ; Off          ;
; 63       ;            ;          ; VCCINT         ; power  ;              ; 1.8V    ; --         ;                 ; --       ; --           ;
; 64       ; 51         ; 2        ; RESERVED_INPUT ;        ;              ;         ; Row I/O    ;                 ; no       ; Off          ;
; 65       ;            ;          ; GND            ; gnd    ;              ;         ; --         ;                 ; --       ; --           ;
; 66       ; 52         ; 2        ; UART_Telit_TX  ; input  ; 1.8 V        ;         ; Row I/O    ; Y               ; no       ; On           ;
; 67       ; 53         ; 2        ; A_SCLK         ; input  ; 1.8 V        ;         ; Row I/O    ; Y               ; no       ; On           ;
; 68       ; 54         ; 2        ; A_MISO         ; output ; 1.8 V        ;         ; Row I/O    ; Y               ; no       ; On           ;
; 69       ; 55         ; 2        ; G_SCL          ; input  ; 1.8 V        ;         ; Row I/O    ; Y               ; no       ; On           ;
; 70       ; 56         ; 2        ; SCL_TEL        ; input  ; 1.8 V        ;         ; Row I/O    ; Y               ; no       ; On           ;
; 71       ; 57         ; 2        ; SDA_TEL        ; bidir  ; 1.8 V        ;         ; Row I/O    ; Y               ; no       ; On           ;
; 72       ; 58         ; 2        ; RESERVED_INPUT ;        ;              ;         ; Row I/O    ;                 ; no       ; Off          ;
; 73       ; 59         ; 2        ; RESERVED_INPUT ;        ;              ;         ; Row I/O    ;                 ; no       ; Off          ;
; 74       ; 60         ; 2        ; RESERVED_INPUT ;        ;              ;         ; Row I/O    ;                 ; no       ; Off          ;
; 75       ; 61         ; 2        ; RESERVED_INPUT ;        ;              ;         ; Column I/O ;                 ; no       ; Off          ;
; 76       ; 62         ; 2        ; SIM_SEL        ; output ; 1.8 V        ;         ; Column I/O ; Y               ; no       ; On           ;
; 77       ; 63         ; 2        ; RESERVED_INPUT ;        ;              ;         ; Column I/O ;                 ; no       ; Off          ;
; 78       ; 64         ; 2        ; RESERVED_INPUT ;        ;              ;         ; Column I/O ;                 ; no       ; Off          ;
; 79       ;            ;          ; GND            ; gnd    ;              ;         ; --         ;                 ; --       ; --           ;
; 80       ;            ; 2        ; VCCIO2         ; power  ;              ; 1.8V    ; --         ;                 ; --       ; --           ;
; 81       ; 65         ; 2        ; RESERVED_INPUT ;        ;              ;         ; Column I/O ;                 ; no       ; Off          ;
; 82       ; 66         ; 2        ; RESERVED_INPUT ;        ;              ;         ; Column I/O ;                 ; no       ; Off          ;
; 83       ; 67         ; 2        ; RESERVED_INPUT ;        ;              ;         ; Column I/O ;                 ; no       ; Off          ;
; 84       ; 68         ; 2        ; RESERVED_INPUT ;        ;              ;         ; Column I/O ;                 ; no       ; Off          ;
; 85       ; 69         ; 2        ; RESERVED_INPUT ;        ;              ;         ; Column I/O ;                 ; no       ; Off          ;
; 86       ; 70         ; 2        ; RESERVED_INPUT ;        ;              ;         ; Column I/O ;                 ; no       ; Off          ;
; 87       ; 71         ; 2        ; RESERVED_INPUT ;        ;              ;         ; Column I/O ;                 ; no       ; Off          ;
; 88       ; 72         ; 2        ; RESERVED_INPUT ;        ;              ;         ; Column I/O ;                 ; no       ; Off          ;
; 89       ; 73         ; 2        ; RESERVED_INPUT ;        ;              ;         ; Column I/O ;                 ; no       ; Off          ;
; 90       ; 74         ; 2        ; RESERVED_INPUT ;        ;              ;         ; Column I/O ;                 ; no       ; Off          ;
; 91       ; 75         ; 2        ; RESERVED_INPUT ;        ;              ;         ; Column I/O ;                 ; no       ; Off          ;
; 92       ; 76         ; 2        ; RESERVED_INPUT ;        ;              ;         ; Column I/O ;                 ; no       ; Off          ;
; 93       ;            ;          ; GND            ; gnd    ;              ;         ; --         ;                 ; --       ; --           ;
; 94       ;            ; 2        ; VCCIO2         ; power  ;              ; 1.8V    ; --         ;                 ; --       ; --           ;
; 95       ; 77         ; 2        ; RESERVED_INPUT ;        ;              ;         ; Column I/O ;                 ; no       ; Off          ;
; 96       ; 78         ; 2        ; RESERVED_INPUT ;        ;              ;         ; Column I/O ;                 ; no       ; Off          ;
; 97       ; 79         ; 2        ; RESERVED_INPUT ;        ;              ;         ; Column I/O ;                 ; no       ; Off          ;
; 98       ; 80         ; 2        ; RESERVED_INPUT ;        ;              ;         ; Column I/O ;                 ; no       ; Off          ;
; 99       ; 81         ; 2        ; RESERVED_INPUT ;        ;              ;         ; Column I/O ;                 ; no       ; Off          ;
; 100      ; 82         ; 2        ; RESERVED_INPUT ;        ;              ;         ; Column I/O ;                 ; no       ; Off          ;
+----------+------------+----------+----------------+--------+--------------+---------+------------+-----------------+----------+--------------+
Note: Pin directions (input, output or bidir) are based on device operating in user mode.


+-------------------------------------------------------------+
; Output Pin Default Load For Reported TCO                    ;
+----------------------------+-------+------------------------+
; I/O Standard               ; Load  ; Termination Resistance ;
+----------------------------+-------+------------------------+
; 3.3-V LVTTL                ; 10 pF ; Not Available          ;
; 3.3-V LVCMOS               ; 10 pF ; Not Available          ;
; 2.5 V                      ; 10 pF ; Not Available          ;
; 1.8 V                      ; 10 pF ; Not Available          ;
; 1.5 V                      ; 10 pF ; Not Available          ;
; 3.3V Schmitt Trigger Input ; 10 pF ; Not Available          ;
; 2.5V Schmitt Trigger Input ; 10 pF ; Not Available          ;
; 1.2 V                      ; 10 pF ; Not Available          ;
; LVDS_E_3R                  ; 10 pF ; Not Available          ;
; RSDS_E_3R                  ; 10 pF ; Not Available          ;
+----------------------------+-------+------------------------+
Note: User assignments will override these defaults. The user specified values are listed in the Output Pins and Bidir Pins tables.


+------------------------------------------------------------------------------------------------------------------------------------------------------------------------------------------------------------------------------------------------------------------------------------------------------------------------------------------------------------------+
; Fitter Resource Utilization by Entity                                                                                                                                                                                                                                                                                                                            ;
+---------------------------------------------------------------------+-------------+--------------+------------+------+--------------+--------------+-------------------+------------------+-----------------+------------+---------------------------------------------------------------------------------------------+--------------------------+--------------+
; Compilation Hierarchy Node                                          ; Logic Cells ; LC Registers ; UFM Blocks ; Pins ; Virtual Pins ; LUT-Only LCs ; Register-Only LCs ; LUT/Register LCs ; Carry Chain LCs ; Packed LCs ; Full Hierarchy Name                                                                         ; Entity Name              ; Library Name ;
+---------------------------------------------------------------------+-------------+--------------+------------+------+--------------+--------------+-------------------+------------------+-----------------+------------+---------------------------------------------------------------------------------------------+--------------------------+--------------+
; |MAXV_FULL                                                          ; 240 (1)     ; 152          ; 1          ; 33   ; 0            ; 88 (1)       ; 9 (0)             ; 143 (0)          ; 65 (0)          ; 26 (0)     ; |MAXV_FULL                                                                                  ; MAXV_FULL                ; work         ;
;    |Blinker:inst12|                                                 ; 76 (42)     ; 36           ; 0          ; 0    ; 0            ; 40 (35)      ; 0 (0)             ; 36 (7)           ; 31 (0)          ; 8 (8)      ; |MAXV_FULL|Blinker:inst12                                                                   ; Blinker                  ; work         ;
;       |lpm_counter:blink_count|                                     ; 3 (0)       ; 3            ; 0          ; 0    ; 0            ; 0 (0)        ; 0 (0)             ; 3 (0)            ; 3 (0)           ; 0 (0)      ; |MAXV_FULL|Blinker:inst12|lpm_counter:blink_count                                           ; lpm_counter              ; work         ;
;          |cntr_s4h:auto_generated|                                  ; 3 (3)       ; 3            ; 0          ; 0    ; 0            ; 0 (0)        ; 0 (0)             ; 3 (3)            ; 3 (3)           ; 0 (0)      ; |MAXV_FULL|Blinker:inst12|lpm_counter:blink_count|cntr_s4h:auto_generated                   ; cntr_s4h                 ; work         ;
;       |lpm_counter:blink_time|                                      ; 6 (0)       ; 6            ; 0          ; 0    ; 0            ; 0 (0)        ; 0 (0)             ; 6 (0)            ; 6 (0)           ; 0 (0)      ; |MAXV_FULL|Blinker:inst12|lpm_counter:blink_time                                            ; lpm_counter              ; work         ;
;          |cntr_8gg:auto_generated|                                  ; 6 (6)       ; 6            ; 0          ; 0    ; 0            ; 0 (0)        ; 0 (0)             ; 6 (6)            ; 6 (6)           ; 0 (0)      ; |MAXV_FULL|Blinker:inst12|lpm_counter:blink_time|cntr_8gg:auto_generated                    ; cntr_8gg                 ; work         ;
;       |lpm_counter:bright_cnt|                                      ; 13 (0)      ; 12           ; 0          ; 0    ; 0            ; 1 (0)        ; 0 (0)             ; 12 (0)           ; 13 (0)          ; 0 (0)      ; |MAXV_FULL|Blinker:inst12|lpm_counter:bright_cnt                                            ; lpm_counter              ; work         ;
;          |cntr_gtf:auto_generated|                                  ; 13 (13)     ; 12           ; 0          ; 0    ; 0            ; 1 (1)        ; 0 (0)             ; 12 (12)          ; 13 (13)         ; 0 (0)      ; |MAXV_FULL|Blinker:inst12|lpm_counter:bright_cnt|cntr_gtf:auto_generated                    ; cntr_gtf                 ; work         ;
;       |lpm_counter:time_100ms_cnt|                                  ; 12 (0)      ; 8            ; 0          ; 0    ; 0            ; 4 (0)        ; 0 (0)             ; 8 (0)            ; 9 (0)           ; 0 (0)      ; |MAXV_FULL|Blinker:inst12|lpm_counter:time_100ms_cnt                                        ; lpm_counter              ; work         ;
;          |cntr_2ph:auto_generated|                                  ; 12 (9)      ; 8            ; 0          ; 0    ; 0            ; 4 (1)        ; 0 (0)             ; 8 (8)            ; 9 (9)           ; 0 (0)      ; |MAXV_FULL|Blinker:inst12|lpm_counter:time_100ms_cnt|cntr_2ph:auto_generated                ; cntr_2ph                 ; work         ;
;             |cmpr_9sb:cmpr1|                                        ; 3 (3)       ; 0            ; 0          ; 0    ; 0            ; 3 (3)        ; 0 (0)             ; 0 (0)            ; 0 (0)           ; 0 (0)      ; |MAXV_FULL|Blinker:inst12|lpm_counter:time_100ms_cnt|cntr_2ph:auto_generated|cmpr_9sb:cmpr1 ; cmpr_9sb                 ; work         ;
;    |I2C_DRIVER2:inst13|                                             ; 8 (8)       ; 5            ; 0          ; 0    ; 0            ; 3 (3)        ; 0 (0)             ; 5 (5)            ; 0 (0)           ; 0 (0)      ; |MAXV_FULL|I2C_DRIVER2:inst13                                                               ; I2C_DRIVER2              ; work         ;
;    |MAX_MUX_VHDL:inst|                                              ; 23 (23)     ; 16           ; 0          ; 0    ; 0            ; 7 (7)        ; 0 (0)             ; 16 (16)          ; 11 (11)         ; 1 (1)      ; |MAXV_FULL|MAX_MUX_VHDL:inst                                                                ; MAX_MUX_VHDL             ; work         ;
;    |UFM_NONE:inst11|                                                ; 0 (0)       ; 0            ; 1          ; 0    ; 0            ; 0 (0)        ; 0 (0)             ; 0 (0)            ; 0 (0)           ; 0 (0)      ; |MAXV_FULL|UFM_NONE:inst11                                                                  ; UFM_NONE                 ; work         ;
;       |UFM_NONE_altufm_none_qgr:UFM_NONE_altufm_none_qgr_component| ; 0 (0)       ; 0            ; 1          ; 0    ; 0            ; 0 (0)        ; 0 (0)             ; 0 (0)            ; 0 (0)           ; 0 (0)      ; |MAXV_FULL|UFM_NONE:inst11|UFM_NONE_altufm_none_qgr:UFM_NONE_altufm_none_qgr_component      ; UFM_NONE_altufm_none_qgr ; work         ;
;    |UFM_STORE:inst14|                                               ; 78 (47)     ; 56           ; 0          ; 0    ; 0            ; 22 (22)      ; 8 (0)             ; 48 (25)          ; 10 (0)          ; 10 (10)    ; |MAXV_FULL|UFM_STORE:inst14                                                                 ; UFM_STORE                ; work         ;
;       |lpm_counter:UFM_addr_cntr|                                   ; 5 (0)       ; 5            ; 0          ; 0    ; 0            ; 0 (0)        ; 0 (0)             ; 5 (0)            ; 5 (0)           ; 0 (0)      ; |MAXV_FULL|UFM_STORE:inst14|lpm_counter:UFM_addr_cntr                                       ; lpm_counter              ; work         ;
;          |cntr_rrf:auto_generated|                                  ; 5 (5)       ; 5            ; 0          ; 0    ; 0            ; 0 (0)        ; 0 (0)             ; 5 (5)            ; 5 (5)           ; 0 (0)      ; |MAXV_FULL|UFM_STORE:inst14|lpm_counter:UFM_addr_cntr|cntr_rrf:auto_generated               ; cntr_rrf                 ; work         ;
;       |lpm_counter:i2c_cntr|                                        ; 5 (0)       ; 5            ; 0          ; 0    ; 0            ; 0 (0)        ; 0 (0)             ; 5 (0)            ; 5 (0)           ; 0 (0)      ; |MAXV_FULL|UFM_STORE:inst14|lpm_counter:i2c_cntr                                            ; lpm_counter              ; work         ;
;          |cntr_0gg:auto_generated|                                  ; 5 (5)       ; 5            ; 0          ; 0    ; 0            ; 0 (0)        ; 0 (0)             ; 5 (5)            ; 5 (5)           ; 0 (0)      ; |MAXV_FULL|UFM_STORE:inst14|lpm_counter:i2c_cntr|cntr_0gg:auto_generated                    ; cntr_0gg                 ; work         ;
;       |lpm_ff:BRT0_ff|                                              ; 5 (5)       ; 5            ; 0          ; 0    ; 0            ; 0 (0)        ; 1 (1)             ; 4 (4)            ; 0 (0)           ; 0 (0)      ; |MAXV_FULL|UFM_STORE:inst14|lpm_ff:BRT0_ff                                                  ; lpm_ff                   ; work         ;
;       |lpm_ff:MODE_ff|                                              ; 3 (3)       ; 3            ; 0          ; 0    ; 0            ; 0 (0)        ; 0 (0)             ; 3 (3)            ; 0 (0)           ; 0 (0)      ; |MAXV_FULL|UFM_STORE:inst14|lpm_ff:MODE_ff                                                  ; lpm_ff                   ; work         ;
;       |lpm_shiftreg:UFM_shifter|                                    ; 5 (5)       ; 5            ; 0          ; 0    ; 0            ; 0 (0)        ; 5 (5)             ; 0 (0)            ; 0 (0)           ; 0 (0)      ; |MAXV_FULL|UFM_STORE:inst14|lpm_shiftreg:UFM_shifter                                        ; lpm_shiftreg             ; work         ;
;       |lpm_shiftreg:i2c_addr|                                       ; 4 (4)       ; 4            ; 0          ; 0    ; 0            ; 0 (0)        ; 1 (1)             ; 3 (3)            ; 0 (0)           ; 0 (0)      ; |MAXV_FULL|UFM_STORE:inst14|lpm_shiftreg:i2c_addr                                           ; lpm_shiftreg             ; work         ;
;       |lpm_shiftreg:scl_f|                                          ; 2 (2)       ; 2            ; 0          ; 0    ; 0            ; 0 (0)        ; 0 (0)             ; 2 (2)            ; 0 (0)           ; 0 (0)      ; |MAXV_FULL|UFM_STORE:inst14|lpm_shiftreg:scl_f                                              ; lpm_shiftreg             ; work         ;
;       |lpm_shiftreg:sda_f|                                          ; 2 (2)       ; 2            ; 0          ; 0    ; 0            ; 0 (0)        ; 1 (1)             ; 1 (1)            ; 0 (0)           ; 0 (0)      ; |MAXV_FULL|UFM_STORE:inst14|lpm_shiftreg:sda_f                                              ; lpm_shiftreg             ; work         ;
;    |read_max44009:inst1|                                            ; 54 (32)     ; 39           ; 0          ; 0    ; 0            ; 15 (14)      ; 1 (1)             ; 38 (17)          ; 13 (0)          ; 7 (7)      ; |MAXV_FULL|read_max44009:inst1                                                              ; read_max44009            ; work         ;
;       |lpm_counter:bit_cnt|                                         ; 6 (0)       ; 6            ; 0          ; 0    ; 0            ; 0 (0)        ; 0 (0)             ; 6 (0)            ; 6 (0)           ; 0 (0)      ; |MAXV_FULL|read_max44009:inst1|lpm_counter:bit_cnt                                          ; lpm_counter              ; work         ;
;          |cntr_v4h:auto_generated|                                  ; 6 (6)       ; 6            ; 0          ; 0    ; 0            ; 0 (0)        ; 0 (0)             ; 6 (6)            ; 6 (6)           ; 0 (0)      ; |MAXV_FULL|read_max44009:inst1|lpm_counter:bit_cnt|cntr_v4h:auto_generated                  ; cntr_v4h                 ; work         ;
;       |lpm_counter:byte_cnt|                                        ; 3 (0)       ; 3            ; 0          ; 0    ; 0            ; 0 (0)        ; 0 (0)             ; 3 (0)            ; 3 (0)           ; 0 (0)      ; |MAXV_FULL|read_max44009:inst1|lpm_counter:byte_cnt                                         ; lpm_counter              ; work         ;
;          |cntr_s4h:auto_generated|                                  ; 3 (3)       ; 3            ; 0          ; 0    ; 0            ; 0 (0)        ; 0 (0)             ; 3 (3)            ; 3 (3)           ; 0 (0)      ; |MAXV_FULL|read_max44009:inst1|lpm_counter:byte_cnt|cntr_s4h:auto_generated                 ; cntr_s4h                 ; work         ;
;       |lpm_counter:div_cnt|                                         ; 4 (0)       ; 3            ; 0          ; 0    ; 0            ; 1 (0)        ; 0 (0)             ; 3 (0)            ; 4 (0)           ; 0 (0)      ; |MAXV_FULL|read_max44009:inst1|lpm_counter:div_cnt                                          ; lpm_counter              ; work         ;
;          |cntr_fnf:auto_generated|                                  ; 4 (4)       ; 3            ; 0          ; 0    ; 0            ; 1 (1)        ; 0 (0)             ; 3 (3)            ; 4 (4)           ; 0 (0)      ; |MAXV_FULL|read_max44009:inst1|lpm_counter:div_cnt|cntr_fnf:auto_generated                  ; cntr_fnf                 ; work         ;
;       |lpm_ff:LUX_ff|                                               ; 1 (1)       ; 1            ; 0          ; 0    ; 0            ; 0 (0)        ; 0 (0)             ; 1 (1)            ; 0 (0)           ; 0 (0)      ; |MAXV_FULL|read_max44009:inst1|lpm_ff:LUX_ff                                                ; lpm_ff                   ; work         ;
;       |lpm_shiftreg:main_out|                                       ; 8 (8)       ; 8            ; 0          ; 0    ; 0            ; 0 (0)        ; 0 (0)             ; 8 (8)            ; 0 (0)           ; 0 (0)      ; |MAXV_FULL|read_max44009:inst1|lpm_shiftreg:main_out                                        ; lpm_shiftreg             ; work         ;
+---------------------------------------------------------------------+-------------+--------------+------------+------+--------------+--------------+-------------------+------------------+-----------------+------------+---------------------------------------------------------------------------------------------+--------------------------+--------------+
Note: For table entries with two numbers listed, the numbers in parentheses indicate the number of resources of the given type used by the specific entity alone. The numbers listed outside of parentheses indicate the total resources of the given type used by the specific entity and all of its sub-entities in the hierarchy.


+------------------------------------------+
; Delay Chain Summary                      ;
+---------------+----------+---------------+
; Name          ; Pin Type ; Pad to Core 0 ;
+---------------+----------+---------------+
; SCL_MAX       ; Output   ; --            ;
; LED1          ; Output   ; --            ;
; LED2          ; Output   ; --            ;
; L_CS          ; Output   ; --            ;
; L_SCLK        ; Output   ; --            ;
; L_MOSI        ; Output   ; --            ;
; A_MISO        ; Output   ; --            ;
; UART_Telit_RX ; Output   ; --            ;
; UART_Modem_TX ; Output   ; --            ;
; BT_RX         ; Output   ; --            ;
; G_Telit_TX    ; Output   ; --            ;
; BT_BDOOR      ; Output   ; --            ;
; BT_RST        ; Output   ; --            ;
; SIM_SEL       ; Output   ; --            ;
; UART_Reset    ; Output   ; --            ;
; UART_Modem_RX ; Output   ; --            ;
; GAUGE_SCL     ; Output   ; --            ;
; UART_Telit_TX ; Input    ; --            ;
; BT_TX         ; Input    ; --            ;
; G_Telit_RX    ; Input    ; --            ;
; PWR_SW        ; Input    ; --            ;
; SDA_DS        ; Bidir    ; (0)           ;
; GAUGE_SDA     ; Bidir    ; (0)           ;
; SDA_MAX       ; Bidir    ; (0)           ;
; SDA_TEL       ; Bidir    ; (0)           ;
; G_SDA         ; Bidir    ; (0)           ;
; SCL_TEL       ; Input    ; (0)           ;
; A_CS          ; Input    ; (0)           ;
; A_SCLK        ; Input    ; (0)           ;
; A_MOSI        ; Input    ; (0)           ;
; L_MISO        ; Input    ; (0)           ;
; G_SCL         ; Input    ; (0)           ;
; SCL_DS        ; Input    ; (0)           ;
+---------------+----------+---------------+


+---------------------------------------------------------------------------------------------------------------------------------------------------------------------------------------------------------------+
; Control Signals                                                                                                                                                                                               ;
+-------------------------------------------------------------------------------------------------------+--------------+---------+---------------------------+--------+----------------------+------------------+
; Name                                                                                                  ; Location     ; Fan-Out ; Usage                     ; Global ; Global Resource Used ; Global Line Name ;
+-------------------------------------------------------------------------------------------------------+--------------+---------+---------------------------+--------+----------------------+------------------+
; Blinker:inst12|_~17                                                                                   ; LC_X7_Y4_N0  ; 6       ; Sync. clear               ; no     ; --                   ; --               ;
; Blinker:inst12|bright_led~0                                                                           ; LC_X6_Y1_N8  ; 1       ; Async. clear              ; no     ; --                   ; --               ;
; Blinker:inst12|led_on_state~11                                                                        ; LC_X7_Y4_N3  ; 5       ; Sync. clear               ; no     ; --                   ; --               ;
; Blinker:inst12|lpm_counter:bright_cnt|cntr_gtf:auto_generated|cout                                    ; LC_X5_Y1_N6  ; 13      ; Clock enable              ; no     ; --                   ; --               ;
; Blinker:inst12|lpm_counter:time_100ms_cnt|cntr_2ph:auto_generated|modulus_trigger                     ; LC_X3_Y2_N8  ; 13      ; Sync. load                ; no     ; --                   ; --               ;
; Blinker:inst12|time_100ms                                                                             ; LC_X3_Y3_N9  ; 30      ; Clock enable              ; no     ; --                   ; --               ;
; I2C_DRIVER2:inst13|comand~11                                                                          ; LC_X4_Y3_N4  ; 3       ; Clock enable              ; no     ; --                   ; --               ;
; MAX_MUX_VHDL:inst|comand~15                                                                           ; LC_X3_Y3_N7  ; 2       ; Clock enable              ; no     ; --                   ; --               ;
; UFM_NONE:inst11|UFM_NONE_altufm_none_qgr:UFM_NONE_altufm_none_qgr_component|wire_maxii_ufm_block1_osc ; UFM_X0_Y1_N4 ; 153     ; Clock                     ; yes    ; Global Clock         ; GCLK2            ;
; UFM_STORE:inst14|_~11                                                                                 ; LC_X2_Y1_N0  ; 6       ; Async. clear              ; yes    ; Global Clock         ; GCLK1            ;
; UFM_STORE:inst14|_~15                                                                                 ; LC_X7_Y2_N5  ; 4       ; Clock enable              ; no     ; --                   ; --               ;
; UFM_STORE:inst14|_~17                                                                                 ; LC_X3_Y3_N6  ; 3       ; Clock enable              ; no     ; --                   ; --               ;
; UFM_STORE:inst14|_~18                                                                                 ; LC_X2_Y2_N3  ; 5       ; Clock enable              ; no     ; --                   ; --               ;
; UFM_STORE:inst14|_~22                                                                                 ; LC_X3_Y1_N7  ; 5       ; Sync. clear               ; no     ; --                   ; --               ;
; UFM_STORE:inst14|data_clk                                                                             ; LC_X2_Y1_N7  ; 6       ; Clock enable              ; no     ; --                   ; --               ;
; read_max44009:inst1|_~13                                                                              ; LC_X6_Y2_N8  ; 1       ; Clock enable              ; no     ; --                   ; --               ;
; read_max44009:inst1|_~18                                                                              ; LC_X6_Y4_N2  ; 8       ; Clock enable              ; no     ; --                   ; --               ;
; read_max44009:inst1|idle                                                                              ; LC_X4_Y2_N1  ; 17      ; Async. clear, Sync. clear ; yes    ; Global Clock         ; GCLK3            ;
; read_max44009:inst1|lpm_counter:div_cnt|cntr_fnf:auto_generated|cout                                  ; LC_X4_Y2_N9  ; 26      ; Clock enable              ; no     ; --                   ; --               ;
; read_max44009:inst1|startc                                                                            ; LC_X6_Y4_N0  ; 8       ; Sync. clear               ; no     ; --                   ; --               ;
+-------------------------------------------------------------------------------------------------------+--------------+---------+---------------------------+--------+----------------------+------------------+


+--------------------------------------------------------------------------------------------------------------------------------------------------------------------------+
; Global & Other Fast Signals                                                                                                                                              ;
+-------------------------------------------------------------------------------------------------------+--------------+---------+----------------------+------------------+
; Name                                                                                                  ; Location     ; Fan-Out ; Global Resource Used ; Global Line Name ;
+-------------------------------------------------------------------------------------------------------+--------------+---------+----------------------+------------------+
; UFM_NONE:inst11|UFM_NONE_altufm_none_qgr:UFM_NONE_altufm_none_qgr_component|wire_maxii_ufm_block1_osc ; UFM_X0_Y1_N4 ; 153     ; Global Clock         ; GCLK2            ;
; UFM_STORE:inst14|_~11                                                                                 ; LC_X2_Y1_N0  ; 6       ; Global Clock         ; GCLK1            ;
; read_max44009:inst1|idle                                                                              ; LC_X4_Y2_N1  ; 17      ; Global Clock         ; GCLK3            ;
+-------------------------------------------------------------------------------------------------------+--------------+---------+----------------------+------------------+


+--------------------------------------------+
; Routing Usage Summary                      ;
+-----------------------+--------------------+
; Routing Resource Type ; Usage              ;
+-----------------------+--------------------+
; C4s                   ; 129 / 784 ( 16 % ) ;
; Direct links          ; 45 / 888 ( 5 % )   ;
; Global clocks         ; 3 / 4 ( 75 % )     ;
; LAB clocks            ; 9 / 32 ( 28 % )    ;
; LUT chains            ; 4 / 216 ( 2 % )    ;
; Local interconnects   ; 280 / 888 ( 32 % ) ;
; R4s                   ; 182 / 704 ( 26 % ) ;
+-----------------------+--------------------+


+----------------------------------------------------------------------------+
; LAB Logic Elements                                                         ;
+---------------------------------------------+------------------------------+
; Number of Logic Elements  (Average = 10.00) ; Number of LABs  (Total = 24) ;
+---------------------------------------------+------------------------------+
; 1                                           ; 0                            ;
; 2                                           ; 0                            ;
; 3                                           ; 0                            ;
; 4                                           ; 0                            ;
; 5                                           ; 0                            ;
; 6                                           ; 0                            ;
; 7                                           ; 0                            ;
; 8                                           ; 0                            ;
; 9                                           ; 0                            ;
; 10                                          ; 24                           ;
+---------------------------------------------+------------------------------+


+-------------------------------------------------------------------+
; LAB-wide Signals                                                  ;
+------------------------------------+------------------------------+
; LAB-wide Signals  (Average = 1.92) ; Number of LABs  (Total = 24) ;
+------------------------------------+------------------------------+
; 1 Async. clear                     ; 4                            ;
; 1 Clock                            ; 24                           ;
; 1 Clock enable                     ; 11                           ;
; 1 Sync. clear                      ; 4                            ;
; 2 Clock enables                    ; 3                            ;
+------------------------------------+------------------------------+


+-----------------------------------------------------------------------------+
; LAB Signals Sourced                                                         ;
+----------------------------------------------+------------------------------+
; Number of Signals Sourced  (Average = 11.62) ; Number of LABs  (Total = 24) ;
+----------------------------------------------+------------------------------+
; 0                                            ; 0                            ;
; 1                                            ; 0                            ;
; 2                                            ; 0                            ;
; 3                                            ; 0                            ;
; 4                                            ; 0                            ;
; 5                                            ; 0                            ;
; 6                                            ; 0                            ;
; 7                                            ; 0                            ;
; 8                                            ; 0                            ;
; 9                                            ; 0                            ;
; 10                                           ; 10                           ;
; 11                                           ; 4                            ;
; 12                                           ; 3                            ;
; 13                                           ; 1                            ;
; 14                                           ; 5                            ;
; 15                                           ; 0                            ;
; 16                                           ; 1                            ;
+----------------------------------------------+------------------------------+


+--------------------------------------------------------------------------------+
; LAB Signals Sourced Out                                                        ;
+-------------------------------------------------+------------------------------+
; Number of Signals Sourced Out  (Average = 6.79) ; Number of LABs  (Total = 24) ;
+-------------------------------------------------+------------------------------+
; 0                                               ; 0                            ;
; 1                                               ; 0                            ;
; 2                                               ; 2                            ;
; 3                                               ; 1                            ;
; 4                                               ; 1                            ;
; 5                                               ; 4                            ;
; 6                                               ; 2                            ;
; 7                                               ; 5                            ;
; 8                                               ; 4                            ;
; 9                                               ; 1                            ;
; 10                                              ; 1                            ;
; 11                                              ; 2                            ;
; 12                                              ; 1                            ;
+-------------------------------------------------+------------------------------+


+----------------------------------------------------------------------------+
; LAB Distinct Inputs                                                        ;
+---------------------------------------------+------------------------------+
; Number of Distinct Inputs  (Average = 9.50) ; Number of LABs  (Total = 24) ;
+---------------------------------------------+------------------------------+
; 0                                           ; 0                            ;
; 1                                           ; 0                            ;
; 2                                           ; 0                            ;
; 3                                           ; 1                            ;
; 4                                           ; 4                            ;
; 5                                           ; 1                            ;
; 6                                           ; 0                            ;
; 7                                           ; 2                            ;
; 8                                           ; 0                            ;
; 9                                           ; 5                            ;
; 10                                          ; 2                            ;
; 11                                          ; 2                            ;
; 12                                          ; 0                            ;
; 13                                          ; 0                            ;
; 14                                          ; 4                            ;
; 15                                          ; 2                            ;
; 16                                          ; 0                            ;
; 17                                          ; 1                            ;
+---------------------------------------------+------------------------------+


+--------------------------------------------------------------------+
; Fitter Device Options                                              ;
+----------------------------------------------+---------------------+
; Option                                       ; Setting             ;
+----------------------------------------------+---------------------+
; Enable user-supplied start-up clock (CLKUSR) ; Off                 ;
; Enable device-wide reset (DEV_CLRn)          ; Off                 ;
; Enable device-wide output enable (DEV_OE)    ; Off                 ;
; Enable INIT_DONE output                      ; Off                 ;
; Configuration scheme                         ; Passive Serial      ;
; Reserve all unused pins                      ; As input tri-stated ;
+----------------------------------------------+---------------------+


+------------------------------------------------------------+
; Estimated Delay Added for Hold Timing Summary              ;
+-----------------+----------------------+-------------------+
; Source Clock(s) ; Destination Clock(s) ; Delay Added in ns ;
+-----------------+----------------------+-------------------+
Note: For more information on problematic transfers, consider running the Fitter again with the Optimize hold timing option (Settings Menu) turned off.
This will disable optimization of problematic paths and expose them for further analysis using the TimeQuest Timing Analyzer.


+----------------------------------------------------------------------------------------------------------------------------------------------------------------------+
; Estimated Delay Added for Hold Timing Details                                                                                                                        ;
+---------------------------+----------------------------------------------------------------------------------------------------------------------+-------------------+
; Source Register           ; Destination Register                                                                                                 ; Delay Added in ns ;
+---------------------------+----------------------------------------------------------------------------------------------------------------------+-------------------+
; UFM_STORE:inst14|addr_clk ; UFM_NONE:inst11|UFM_NONE_altufm_none_qgr:UFM_NONE_altufm_none_qgr_component|maxii_ufm_block1~OBSERVABLEADDRESSREGOUT ; 0.286             ;
+---------------------------+----------------------------------------------------------------------------------------------------------------------+-------------------+
Note: This table only shows the top 1 path(s) that have the largest delay added for hold.


+-----------------+
; Fitter Messages ;
+-----------------+
Info (16303): Aggressive Area optimization mode selected -- logic area will be prioritized at the potential cost of reduced timing performance
    Info (16304): Mode behavior is affected by advanced setting Physical Synthesis Effort Level (default for this mode is Normal)
Info (20030): Parallel compilation is enabled and will use 4 of the 4 processors detected
Info (119006): Selected device 5M240ZT100I5 for design "MAXV_FULL"
Info (21077): Low junction temperature is -40 degrees C
Info (21077): High junction temperature is 125 degrees C
Info (171003): Fitter is performing an Auto Fit compilation, which may decrease Fitter effort to reduce compilation time
Info (176444): Device migration not selected. If you intend to use device migration later, you may need to change the pin assignments as they may be incompatible with other devices
    Info (176445): Device 5M80ZT100C5 is compatible
    Info (176445): Device 5M80ZT100I5 is compatible
    Info (176445): Device 5M160ZT100C5 is compatible
    Info (176445): Device 5M160ZT100I5 is compatible
    Info (176445): Device 5M240ZT100C5 is compatible
    Info (176445): Device 5M570ZT100C5 is compatible
    Info (176445): Device 5M570ZT100I5 is compatible
Critical Warning (332012): Synopsys Design Constraints File file not found: 'MAXV_FULL.sdc'. A Synopsys Design Constraints File is required by the TimeQuest Timing Analyzer to get proper timing constraints. Without it, the Compiler will not properly optimize the design.
Info (332144): No user constrained generated clocks found in the design
Info (332144): No user constrained base clocks found in the design
Info (332096): The command derive_clocks did not find any clocks to derive.  No clocks were created or changed.
Info (332128): Timing requirements not specified -- optimizing circuit to achieve the following default global requirements
    Info (332127): Assuming a default timing requirement
Info (332111): Found 1 clocks
    Info (332111):   Period   Clock Name
    Info (332111): ======== ============
    Info (332111):  181.818 inst11|UFM_NONE_altufm_none_qgr_component|maxii_ufm_block1|osc
Info (186079): Completed User Assigned Global Signals Promotion Operation
Info (186216): Automatically promoted some destinations of signal "UFM_NONE:inst11|UFM_NONE_altufm_none_qgr:UFM_NONE_altufm_none_qgr_component|wire_maxii_ufm_block1_osc" to use Global clock File: /home/nick/Quartus/BOUY_v56DM_I2C_lake/UFM_NONE.vhd Line: 71
    Info (186217): Destination "UFM_STORE:inst14|UFM_drclk~2" may be non-global or may not use global clock File: /home/nick/Quartus/BOUY_v56DM_I2C_lake/ufm_store.tdf Line: 177
    Info (186217): Destination "UFM_STORE:inst14|UFM_arclk" may be non-global or may not use global clock File: /home/nick/Quartus/BOUY_v56DM_I2C_lake/ufm_store.tdf Line: 171
Info (186216): Automatically promoted some destinations of signal "read_max44009:inst1|idle" to use Global clock File: /home/nick/Quartus/BOUY_v56DM_I2C_lake/read_max44009.tdf Line: 22
    Info (186217): Destination "read_max44009:inst1|idle" may be non-global or may not use global clock File: /home/nick/Quartus/BOUY_v56DM_I2C_lake/read_max44009.tdf Line: 22
    Info (186217): Destination "MAX_MUX_VHDL:inst|MAX_SCL~0" may be non-global or may not use global clock File: /home/nick/Quartus/BOUY_v56DM_I2C_lake/MAX_MUX_VHDL.vhd Line: 12
    Info (186217): Destination "read_max44009:inst1|idle~0" may be non-global or may not use global clock File: /home/nick/Quartus/BOUY_v56DM_I2C_lake/read_max44009.tdf Line: 22
    Info (186217): Destination "read_max44009:inst1|startd" may be non-global or may not use global clock File: /home/nick/Quartus/BOUY_v56DM_I2C_lake/read_max44009.tdf Line: 22
    Info (186217): Destination "MAX_MUX_VHDL:inst|MAX_SDA~2" may be non-global or may not use global clock File: /home/nick/Quartus/BOUY_v56DM_I2C_lake/MAX_MUX_VHDL.vhd Line: 11
    Info (186217): Destination "read_max44009:inst1|_~15" may be non-global or may not use global clock
    Info (186217): Destination "read_max44009:inst1|lpm_counter:byte_cnt|cntr_s4h:auto_generated|counter_cella0" may be non-global or may not use global clock File: /home/nick/Quartus/BOUY_v56DM_I2C_lake/db/cntr_s4h.tdf Line: 62
    Info (186217): Destination "read_max44009:inst1|lpm_counter:byte_cnt|cntr_s4h:auto_generated|counter_cella2" may be non-global or may not use global clock File: /home/nick/Quartus/BOUY_v56DM_I2C_lake/db/cntr_s4h.tdf Line: 62
    Info (186217): Destination "read_max44009:inst1|lpm_counter:byte_cnt|cntr_s4h:auto_generated|counter_cella1" may be non-global or may not use global clock File: /home/nick/Quartus/BOUY_v56DM_I2C_lake/db/cntr_s4h.tdf Line: 62
Info (186216): Automatically promoted some destinations of signal "UFM_STORE:inst14|_~11" to use Global clock
    Info (186217): Destination "UFM_STORE:inst14|wr_addr~0" may be non-global or may not use global clock File: /home/nick/Quartus/BOUY_v56DM_I2C_lake/ufm_store.tdf Line: 39
Info (186079): Completed Auto Global Promotion Operation
Info (176234): Starting register packing
Info (186468): Started processing fast register assignments
Info (186469): Finished processing fast register assignments
Info (176235): Finished register packing
Warning (15705): Ignored locations or region assignments to the following nodes
    Warning (15706): Node "M_RX" is assigned to location or region, but does not exist in design
    Warning (15706): Node "M_TX" is assigned to location or region, but does not exist in design
Info (171121): Fitter preparation operations ending: elapsed time is 00:00:00
Info (14896): Fitter has disabled Advanced Physical Optimization because it is not supported for the current family.
Info (170189): Fitter placement preparation operations beginning
Info (170190): Fitter placement preparation operations ending: elapsed time is 00:00:00
Info (170191): Fitter placement operations beginning
Info (170137): Fitter placement was successful
Info (170192): Fitter placement operations ending: elapsed time is 00:00:00
Info (170193): Fitter routing operations beginning
Info (170195): Router estimated average interconnect usage is 23% of the available device resources
    Info (170196): Router estimated peak interconnect usage is 23% of the available device resources in the region that extends from location X0_Y0 to location X8_Y5
Info (170199): The Fitter performed an Auto Fit compilation.  Optimizations were skipped to reduce compilation time.
    Info (170201): Optimizations that may affect the design's routability were skipped
    Info (170200): Optimizations that may affect the design's timing were skipped
Info (170194): Fitter routing operations ending: elapsed time is 00:00:00
Info (11888): Total time spent on timing analysis during the Fitter is 0.08 seconds.
Info (11218): Fitter post-fit operations ending: elapsed time is 00:00:00
Warning (171167): Found invalid Fitter assignments. See the Ignored Assignments panel in the Fitter Compilation Report for more information.
Warning (169064): Following 1 pins have no output enable or a GND or VCC output enable - later changes to this connectivity may change fitting results
    Info (169065): Pin G_SDA has a permanently enabled output enable
Info (144001): Generated suppressed messages file /home/nick/Quartus/BOUY_v56DM_I2C_lake/output_files/MAXV_FULL.fit.smsg
Info: Quartus Prime Fitter was successful. 0 errors, 6 warnings
    Info: Peak virtual memory: 1082 megabytes
    Info: Processing ended: Thu Sep 13 13:39:33 2018
    Info: Elapsed time: 00:00:02
    Info: Total CPU time (on all processors): 00:00:01


+----------------------------+
; Fitter Suppressed Messages ;
+----------------------------+
The suppressed messages can be found in /home/nick/Quartus/BOUY_v56DM_I2C_lake/output_files/MAXV_FULL.fit.smsg.


