Assembler report for MAXV_FULL
Thu Sep 13 13:39:34 2018
Quartus Prime Version 16.1.2 Build 203 01/18/2017 SJ Standard Edition


---------------------
; Table of Contents ;
---------------------
  1. Legal Notice
  2. Assembler Summary
  3. Assembler Settings
  4. Assembler Generated Files
  5. Assembler Device Options: MAXV_FULL.pof
  6. Assembler Messages



----------------
; Legal Notice ;
----------------
Copyright (C) 2017  Intel Corporation. All rights reserved.
Your use of Intel Corporation's design tools, logic functions 
and other software and tools, and its AMPP partner logic 
functions, and any output files from any of the foregoing 
(including device programming or simulation files), and any 
associated documentation or information are expressly subject 
to the terms and conditions of the Intel Program License 
Subscription Agreement, the Intel Quartus Prime License Agreement,
the Intel MegaCore Function License Agreement, or other 
applicable license agreement, including, without limitation, 
that your use is for the sole purpose of programming logic 
devices manufactured by Intel and sold by Intel or its 
authorized distributors.  Please refer to the applicable 
agreement for further details.



+---------------------------------------------------------------+
; Assembler Summary                                             ;
+-----------------------+---------------------------------------+
; Assembler Status      ; Successful - Thu Sep 13 13:39:34 2018 ;
; Revision Name         ; MAXV_FULL                             ;
; Top-level Entity Name ; MAXV_FULL                             ;
; Family                ; MAX V                                 ;
; Device                ; 5M240ZT100I5                          ;
+-----------------------+---------------------------------------+


+----------------------------------+
; Assembler Settings               ;
+--------+---------+---------------+
; Option ; Setting ; Default Value ;
+--------+---------+---------------+


+---------------------------+
; Assembler Generated Files ;
+---------------------------+
; File Name                 ;
+---------------------------+
; MAXV_FULL.pof             ;
+---------------------------+


+-----------------------------------------+
; Assembler Device Options: MAXV_FULL.pof ;
+----------------+------------------------+
; Option         ; Setting                ;
+----------------+------------------------+
; Device         ; 5M240ZT100I5           ;
; JTAG usercode  ; 0x00167CDB             ;
; Checksum       ; 0x00167FC3             ;
+----------------+------------------------+


+--------------------+
; Assembler Messages ;
+--------------------+
Info: *******************************************************************
Info: Running Quartus Prime Assembler
    Info: Version 16.1.2 Build 203 01/18/2017 SJ Standard Edition
    Info: Processing started: Thu Sep 13 13:39:33 2018
Info: Command: quartus_asm --read_settings_files=off --write_settings_files=off MAXV_v56_I2C -c MAXV_FULL
Info (115031): Writing out detailed assembly data for power analysis
Info (115030): Assembler is generating device programming files
Info: Quartus Prime Assembler was successful. 0 errors, 0 warnings
    Info: Peak virtual memory: 796 megabytes
    Info: Processing ended: Thu Sep 13 13:39:34 2018
    Info: Elapsed time: 00:00:01
    Info: Total CPU time (on all processors): 00:00:00


